
> starter_helpi@0.1.0 test
> react-scripts test --coverage

PASS src/tests/Home.test.tsx
PASS src/tests/DQ.test.tsx
PASS src/tests/BQ.test.tsx
PASS src/tests/Results.test.tsx
PASS src/tests/Footer.test.tsx
-----------------------|---------|----------|---------|---------|-------------------------
File                   | % Stmts | % Branch | % Funcs | % Lines | Uncovered Line #s       
-----------------------|---------|----------|---------|---------|-------------------------
All files              |   20.82 |     22.5 |   19.26 |      21 |                         
 src                   |    8.33 |        0 |       0 |    8.33 |                         
  AnswerContext.ts     |     100 |      100 |       0 |     100 |                         
  index.tsx            |       0 |      100 |     100 |       0 | 7-19                    
  reportWebVitals.ts   |       0 |        0 |       0 |       0 | 3-10                    
 src/BasicQuestions    |       0 |        0 |       0 |       0 |                         
  Q1.tsx               |       0 |        0 |       0 |       0 | 6-25                    
  Q2.tsx               |       0 |        0 |       0 |       0 | 6-25                    
  Q3.tsx               |       0 |        0 |       0 |       0 | 6-25                    
  Q4.tsx               |       0 |        0 |       0 |       0 | 6-25                    
  Q5.tsx               |       0 |        0 |       0 |       0 | 6-25                    
  Q6.tsx               |       0 |        0 |       0 |       0 | 6-25                    
  Q7.tsx               |       0 |        0 |       0 |       0 | 6-25                    
  Q8.tsx               |       0 |        0 |       0 |       0 | 6-25                    
 src/DetailQuestions   |       0 |        0 |       0 |       0 |                         
  Q1.tsx               |       0 |        0 |       0 |       0 | 6-43                    
  Q2.tsx               |       0 |        0 |       0 |       0 | 6-21                    
  Q3.tsx               |       0 |        0 |       0 |       0 | 6-21                    
  Q4.tsx               |       0 |        0 |       0 |       0 | 6-21                    
  Q5.tsx               |       0 |        0 |       0 |       0 | 6-21                    
  Q6.tsx               |       0 |        0 |       0 |       0 | 6-21                    
  Q7.tsx               |       0 |        0 |       0 |       0 | 6-21                    
 src/components        |   12.82 |    16.66 |   19.04 |   13.33 |                         
  Feedback.tsx         |       0 |      100 |       0 |       0 | 4                       
  Footer.tsx           |   76.92 |       75 |      80 |   76.92 | 9,21-22                 
  Loader.tsx           |       0 |      100 |       0 |       0 | 4                       
  OpenAIOverlay.tsx    |       0 |        0 |       0 |       0 | 12-292                  
  interfaces.tsx       |       0 |        0 |       0 |       0 |                         
 src/views             |   66.66 |       48 |   73.91 |   66.66 |                         
  Basic_Questions.tsx  |    64.1 |     40.9 |   66.66 |    64.1 | 46-54,60-62,74,84,88,92 
  Detail_Questions.tsx |    64.1 |     40.9 |   66.66 |    64.1 | 35-43,49-51,63,73,77,81 
  Home.tsx             |      80 |      100 |   77.77 |      80 | 46-81                   
  Results.tsx          |     100 |      100 |     100 |     100 |                         
-----------------------|---------|----------|---------|---------|-------------------------

Test Suites: 5 passed, 5 total
Tests:       18 passed, 18 total
Snapshots:   0 total
Time:        4.896 s
Ran all test suites.
